/home/ajay/ros2_ws/src/ur_admittance_controller/src/sensor_interface.cpp: In member function ‘bool ur_admittance_controller::AdmittanceController::updateSensorData()’:
/home/ajay/ros2_ws/src/ur_admittance_controller/src/sensor_interface.cpp:16:30: warning: ‘double hardware_interface::LoanedStateInterface::get_value() const’ is deprecated: Use std::optional<T> get_optional() instead to retrieve the value. This method will be removed by the ROS 2 Kilted Kaiju release. [-Wdeprecated-declarations]
   16 |       if (interface.get_value() != std::numeric_limits<double>::quiet_NaN()) {
      |           ~~~~~~~~~~~~~~~~~~~^~
In file included from /opt/ros/jazzy/include/controller_interface/controller_interface/controller_interface_base.hpp:28,
                 from /opt/ros/jazzy/include/controller_interface/controller_interface/chainable_controller_interface.hpp:23,
                 from /home/ajay/ros2_ws/src/ur_admittance_controller/include/admittance_controller.hpp:13,
                 from /home/ajay/ros2_ws/src/ur_admittance_controller/src/sensor_interface.cpp:2:
/opt/ros/jazzy/include/hardware_interface/hardware_interface/loaned_state_interface.hpp:94:10: note: declared here
   94 |   double get_value() const
      |          ^~~~~~~~~
/home/ajay/ros2_ws/src/ur_admittance_controller/src/sensor_interface.cpp:17:44: warning: ‘double hardware_interface::LoanedStateInterface::get_value() const’ is deprecated: Use std::optional<T> get_optional() instead to retrieve the value. This method will be removed by the ROS 2 Kilted Kaiju release. [-Wdeprecated-declarations]
   17 |         raw_wrench(i) = interface.get_value();
      |                         ~~~~~~~~~~~~~~~~~~~^~
/opt/ros/jazzy/include/hardware_interface/hardware_interface/loaned_state_interface.hpp:94:10: note: declared here
   94 |   double get_value() const
      |          ^~~~~~~~~
/home/ajay/ros2_ws/src/ur_admittance_controller/src/sensor_interface.cpp: In member function ‘bool ur_admittance_controller::AdmittanceController::checkDeadband()’:
/home/ajay/ros2_ws/src/ur_admittance_controller/src/sensor_interface.cpp:196:73: warning: ‘double hardware_interface::LoanedStateInterface::get_value() const’ is deprecated: Use std::optional<T> get_optional() instead to retrieve the value. This method will be removed by the ROS 2 Kilted Kaiju release. [-Wdeprecated-declarations]
  196 |         joint_position_references_[i] = state_interfaces_[idx].get_value();
      |                                         ~~~~~~~~~~~~~~~~~~~~~~~~~~~~~~~~^~
/opt/ros/jazzy/include/hardware_interface/hardware_interface/loaned_state_interface.hpp:94:10: note: declared here
   94 |   double get_value() const
      |          ^~~~~~~~~
