[0.006s] Invoking command in '/home/ajay/ros2_ws/build/ur_admittance_controller': CMAKE_PREFIX_PATH=${CMAKE_PREFIX_PATH}:/opt/ros/jazzy DEBUGINFOD_URLS=https://debuginfod.ubuntu.com /usr/bin/cmake --build /home/ajay/ros2_ws/build/ur_admittance_controller -- -j32 -l32
[0.062s] [ 22%] Built target ur_admittance_controller_parameters
[0.129s] [ 33%] Building CXX object CMakeFiles/ur_admittance_controller.dir/src/admittance_controller.cpp.o
[0.132s] [ 44%] Building CXX object CMakeFiles/ur_admittance_controller.dir/src/sensor_interface.cpp.o
[2.172s] /home/ajay/ros2_ws/src/ur_admittance_controller/src/sensor_interface.cpp: In member function ‘bool ur_admittance_controller::AdmittanceController::updateSensorData()’:
[2.172s] /home/ajay/ros2_ws/src/ur_admittance_controller/src/sensor_interface.cpp:16:30: warning: ‘double hardware_interface::LoanedStateInterface::get_value() const’ is deprecated: Use std::optional<T> get_optional() instead to retrieve the value. This method will be removed by the ROS 2 Kilted Kaiju release. [-Wdeprecated-declarations]
[2.172s]    16 |       if (interface.get_value() != std::numeric_limits<double>::quiet_NaN()) {
[2.172s]       |           ~~~~~~~~~~~~~~~~~~~^~
[2.172s] In file included from /opt/ros/jazzy/include/controller_interface/controller_interface/controller_interface_base.hpp:28,
[2.172s]                  from /opt/ros/jazzy/include/controller_interface/controller_interface/chainable_controller_interface.hpp:23,
[2.173s]                  from /home/ajay/ros2_ws/src/ur_admittance_controller/include/admittance_controller.hpp:13,
[2.173s]                  from /home/ajay/ros2_ws/src/ur_admittance_controller/src/sensor_interface.cpp:2:
[2.173s] /opt/ros/jazzy/include/hardware_interface/hardware_interface/loaned_state_interface.hpp:94:10: note: declared here
[2.173s]    94 |   double get_value() const
[2.173s]       |          ^~~~~~~~~
[2.173s] /home/ajay/ros2_ws/src/ur_admittance_controller/src/sensor_interface.cpp:17:44: warning: ‘double hardware_interface::LoanedStateInterface::get_value() const’ is deprecated: Use std::optional<T> get_optional() instead to retrieve the value. This method will be removed by the ROS 2 Kilted Kaiju release. [-Wdeprecated-declarations]
[2.173s]    17 |         raw_wrench(i) = interface.get_value();
[2.173s]       |                         ~~~~~~~~~~~~~~~~~~~^~
[2.173s] /opt/ros/jazzy/include/hardware_interface/hardware_interface/loaned_state_interface.hpp:94:10: note: declared here
[2.173s]    94 |   double get_value() const
[2.173s]       |          ^~~~~~~~~
[2.209s] /home/ajay/ros2_ws/src/ur_admittance_controller/src/sensor_interface.cpp: In member function ‘bool ur_admittance_controller::AdmittanceController::checkDeadband()’:
[2.209s] /home/ajay/ros2_ws/src/ur_admittance_controller/src/sensor_interface.cpp:196:73: warning: ‘double hardware_interface::LoanedStateInterface::get_value() const’ is deprecated: Use std::optional<T> get_optional() instead to retrieve the value. This method will be removed by the ROS 2 Kilted Kaiju release. [-Wdeprecated-declarations]
[2.209s]   196 |         joint_position_references_[i] = state_interfaces_[idx].get_value();
[2.209s]       |                                         ~~~~~~~~~~~~~~~~~~~~~~~~~~~~~~~~^~
[2.209s] /opt/ros/jazzy/include/hardware_interface/hardware_interface/loaned_state_interface.hpp:94:10: note: declared here
[2.209s]    94 |   double get_value() const
[2.209s]       |          ^~~~~~~~~
[5.387s] [ 55%] Linking CXX shared library libur_admittance_controller.so
[5.640s] [100%] Built target ur_admittance_controller
[5.650s] Invoked command in '/home/ajay/ros2_ws/build/ur_admittance_controller' returned '0': CMAKE_PREFIX_PATH=${CMAKE_PREFIX_PATH}:/opt/ros/jazzy DEBUGINFOD_URLS=https://debuginfod.ubuntu.com /usr/bin/cmake --build /home/ajay/ros2_ws/build/ur_admittance_controller -- -j32 -l32
[5.654s] Invoking command in '/home/ajay/ros2_ws/build/ur_admittance_controller': CMAKE_PREFIX_PATH=${CMAKE_PREFIX_PATH}:/opt/ros/jazzy DEBUGINFOD_URLS=https://debuginfod.ubuntu.com /usr/bin/cmake --install /home/ajay/ros2_ws/build/ur_admittance_controller
[5.661s] -- Install configuration: ""
[5.661s] -- Execute custom install script
[5.661s] -- Up-to-date symlink: /home/ajay/ros2_ws/install/ur_admittance_controller/include/ur_admittance_controller/ur_admittance_controller_parameters.hpp
[5.661s] -- Up-to-date symlink: /home/ajay/ros2_ws/install/ur_admittance_controller/share/ur_admittance_controller//ur_admittance_controller.xml
[5.662s] -- Up-to-date symlink: /home/ajay/ros2_ws/install/ur_admittance_controller/include/admittance_constants.hpp
[5.662s] -- Up-to-date symlink: /home/ajay/ros2_ws/install/ur_admittance_controller/include/admittance_controller.hpp
[5.662s] -- Up-to-date symlink: /home/ajay/ros2_ws/install/ur_admittance_controller/include/admittance_types.hpp
[5.662s] -- Up-to-date symlink: /home/ajay/ros2_ws/install/ur_admittance_controller/include/matrix_utilities.hpp
[5.662s] -- Up-to-date symlink: /home/ajay/ros2_ws/install/ur_admittance_controller/share/ur_admittance_controller/config/admittance_config.yaml
[5.662s] -- Up-to-date symlink: /home/ajay/ros2_ws/install/ur_admittance_controller/share/ur_admittance_controller/launch/__pycache__/ur_admittance.launch.cpython-312.pyc
[5.662s] -- Up-to-date symlink: /home/ajay/ros2_ws/install/ur_admittance_controller/share/ur_admittance_controller/launch/ur_admittance.launch.py
[5.662s] -- Up-to-date symlink: /home/ajay/ros2_ws/install/ur_admittance_controller/share/ur_admittance_controller/scripts/__pycache__/system_status.cpython-312.pyc
[5.662s] -- Up-to-date symlink: /home/ajay/ros2_ws/install/ur_admittance_controller/share/ur_admittance_controller/scripts/__pycache__/test_impedance_modes.cpython-312.pyc
[5.662s] -- Up-to-date symlink: /home/ajay/ros2_ws/install/ur_admittance_controller/share/ur_admittance_controller/scripts/__pycache__/test_safe_startup.cpython-312.pyc
[5.662s] -- Up-to-date symlink: /home/ajay/ros2_ws/install/ur_admittance_controller/share/ur_admittance_controller/scripts/safe_startup_test.py
[5.662s] -- Up-to-date symlink: /home/ajay/ros2_ws/install/ur_admittance_controller/share/ur_admittance_controller/scripts/system_status.py
[5.662s] -- Up-to-date symlink: /home/ajay/ros2_ws/install/ur_admittance_controller/share/ur_admittance_controller/scripts/ur_admittance_tests.py
[5.662s] -- Up-to-date symlink: /home/ajay/ros2_ws/install/ur_admittance_controller/share/ur_admittance_controller/scripts/ur_admittance_utils.py
[5.662s] -- Up-to-date symlink: /home/ajay/ros2_ws/install/ur_admittance_controller/share/ur_admittance_controller/scripts/validate_notation.py
[5.662s] -- Up-to-date symlink: /home/ajay/ros2_ws/install/ur_admittance_controller/lib/ur_admittance_controller/ur_admittance_tests.py
[5.662s] -- Up-to-date symlink: /home/ajay/ros2_ws/install/ur_admittance_controller/lib/ur_admittance_controller/ur_admittance_utils.py
[5.662s] -- Up-to-date symlink: /home/ajay/ros2_ws/install/ur_admittance_controller/lib/ur_admittance_controller/validate_notation.py
[5.662s] -- Up-to-date symlink: /home/ajay/ros2_ws/install/ur_admittance_controller/lib/ur_admittance_controller/safe_startup_test.py
[5.662s] -- Up-to-date symlink: /home/ajay/ros2_ws/install/ur_admittance_controller/lib/ur_admittance_controller/system_status.py
[5.662s] -- Up-to-date symlink: /home/ajay/ros2_ws/install/ur_admittance_controller/share/ur_admittance_controller/environment/library_path.sh
[5.662s] -- Up-to-date symlink: /home/ajay/ros2_ws/install/ur_admittance_controller/share/ur_admittance_controller/environment/library_path.dsv
[5.663s] -- Up-to-date symlink: /home/ajay/ros2_ws/install/ur_admittance_controller/share/ament_index/resource_index/package_run_dependencies/ur_admittance_controller
[5.663s] -- Up-to-date symlink: /home/ajay/ros2_ws/install/ur_admittance_controller/share/ament_index/resource_index/parent_prefix_path/ur_admittance_controller
[5.663s] -- Up-to-date symlink: /home/ajay/ros2_ws/install/ur_admittance_controller/share/ur_admittance_controller/environment/ament_prefix_path.sh
[5.663s] -- Up-to-date symlink: /home/ajay/ros2_ws/install/ur_admittance_controller/share/ur_admittance_controller/environment/ament_prefix_path.dsv
[5.663s] -- Up-to-date symlink: /home/ajay/ros2_ws/install/ur_admittance_controller/share/ur_admittance_controller/environment/path.sh
[5.663s] -- Up-to-date symlink: /home/ajay/ros2_ws/install/ur_admittance_controller/share/ur_admittance_controller/environment/path.dsv
[5.663s] -- Up-to-date symlink: /home/ajay/ros2_ws/install/ur_admittance_controller/share/ur_admittance_controller/local_setup.bash
[5.663s] -- Up-to-date symlink: /home/ajay/ros2_ws/install/ur_admittance_controller/share/ur_admittance_controller/local_setup.sh
[5.663s] -- Up-to-date symlink: /home/ajay/ros2_ws/install/ur_admittance_controller/share/ur_admittance_controller/local_setup.zsh
[5.663s] -- Up-to-date symlink: /home/ajay/ros2_ws/install/ur_admittance_controller/share/ur_admittance_controller/local_setup.dsv
[5.663s] -- Symlinking: /home/ajay/ros2_ws/install/ur_admittance_controller/share/ur_admittance_controller/package.dsv
[5.669s] -- Up-to-date symlink: /home/ajay/ros2_ws/install/ur_admittance_controller/share/ament_index/resource_index/packages/ur_admittance_controller
[5.669s] -- Up-to-date symlink: /home/ajay/ros2_ws/install/ur_admittance_controller/share/ament_index/resource_index/controller_interface__pluginlib__plugin/ur_admittance_controller
[5.669s] -- Up-to-date symlink: /home/ajay/ros2_ws/install/ur_admittance_controller/share/ur_admittance_controller/cmake/ament_cmake_export_dependencies-extras.cmake
[5.669s] -- Up-to-date symlink: /home/ajay/ros2_ws/install/ur_admittance_controller/share/ur_admittance_controller/cmake/ament_cmake_export_targets-extras.cmake
[5.669s] -- Up-to-date symlink: /home/ajay/ros2_ws/install/ur_admittance_controller/share/ur_admittance_controller/cmake/ur_admittance_controllerConfig.cmake
[5.669s] -- Up-to-date symlink: /home/ajay/ros2_ws/install/ur_admittance_controller/share/ur_admittance_controller/cmake/ur_admittance_controllerConfig-version.cmake
[5.669s] -- Up-to-date symlink: /home/ajay/ros2_ws/install/ur_admittance_controller/share/ur_admittance_controller/package.xml
[5.669s] -- Installing: /home/ajay/ros2_ws/install/ur_admittance_controller/lib/libur_admittance_controller.so
[5.673s] -- Set non-toolchain portion of runtime path of "/home/ajay/ros2_ws/install/ur_admittance_controller/lib/libur_admittance_controller.so" to ""
[5.673s] -- Up-to-date: /home/ajay/ros2_ws/install/ur_admittance_controller/share/ur_admittance_controller/cmake/export_ur_admittance_controllerExport.cmake
[5.673s] -- Up-to-date: /home/ajay/ros2_ws/install/ur_admittance_controller/share/ur_admittance_controller/cmake/export_ur_admittance_controllerExport-noconfig.cmake
[5.674s] Invoked command in '/home/ajay/ros2_ws/build/ur_admittance_controller' returned '0': CMAKE_PREFIX_PATH=${CMAKE_PREFIX_PATH}:/opt/ros/jazzy DEBUGINFOD_URLS=https://debuginfod.ubuntu.com /usr/bin/cmake --install /home/ajay/ros2_ws/build/ur_admittance_controller
