-- The CXX compiler identification is GNU 13.3.0
-- Detecting CXX compiler ABI info
-- Detecting CXX compiler ABI info - done
-- Check for working CXX compiler: /usr/bin/c++ - skipped
-- Detecting CXX compile features
-- Detecting CXX compile features - done
-- Found ament_cmake: 2.5.4 (/opt/ros/jazzy/share/ament_cmake/cmake)
-- Found Python3: /usr/bin/python3 (found version "3.12.3") found components: Interpreter 
-- Found controller_interface: 4.29.0 (/opt/ros/jazzy/share/controller_interface/cmake)
-- Found rosidl_generator_c: 4.6.5 (/opt/ros/jazzy/share/rosidl_generator_c/cmake)
-- Found rosidl_generator_cpp: 4.6.5 (/opt/ros/jazzy/share/rosidl_generator_cpp/cmake)
-- Using all available rosidl_typesupport_c: rosidl_typesupport_fastrtps_c;rosidl_typesupport_introspection_c
-- Using all available rosidl_typesupport_cpp: rosidl_typesupport_fastrtps_cpp;rosidl_typesupport_introspection_cpp
-- Found TinyXML2 via Config file: /usr/lib/x86_64-linux-gnu/cmake/tinyxml2
-- Found rmw_implementation_cmake: 7.3.2 (/opt/ros/jazzy/share/rmw_implementation_cmake/cmake)
-- Found rmw_fastrtps_cpp: 8.4.2 (/opt/ros/jazzy/share/rmw_fastrtps_cpp/cmake)
-- Found TinyXML2 via Config file: /usr/lib/x86_64-linux-gnu/cmake/tinyxml2
-- Found OpenSSL: /usr/lib/x86_64-linux-gnu/libcrypto.so (found version "3.0.13")  
-- Found TinyXML2 via Config file: /usr/lib/x86_64-linux-gnu/cmake/tinyxml2
-- Found FastRTPS: /opt/ros/jazzy/include (Required is at least version "2.13") 
-- Found TinyXML2 via Config file: /usr/lib/x86_64-linux-gnu/cmake/tinyxml2
-- Found TinyXML2 via Config file: /usr/lib/x86_64-linux-gnu/cmake/tinyxml2
-- Using RMW implementation 'rmw_fastrtps_cpp' as default
-- Found generate_parameter_library: 0.4.0 (/opt/ros/jazzy/share/generate_parameter_library/cmake)
-- Found parameter_traits: 0.4.0 (/opt/ros/jazzy/share/parameter_traits/cmake)
-- Found std_srvs: 5.3.6 (/opt/ros/jazzy/share/std_srvs/cmake)
-- Found tf2: 0.36.11 (/opt/ros/jazzy/share/tf2/cmake)
-- Found tf2_ros: 0.36.11 (/opt/ros/jazzy/share/tf2_ros/cmake)
-- Found tf2_geometry_msgs: 0.36.11 (/opt/ros/jazzy/share/tf2_geometry_msgs/cmake)
-- Found eigen3_cmake_module: 0.3.0 (/opt/ros/jazzy/share/eigen3_cmake_module/cmake)
-- Found Eigen3: TRUE (found version "3.4.0") 
-- Ensuring Eigen3 include directory is part of orocos-kdl CMake target
-- Found tf2_eigen: 0.36.11 (/opt/ros/jazzy/share/tf2_eigen/cmake)
-- Found kinematics_interface: 1.3.0 (/opt/ros/jazzy/share/kinematics_interface/cmake)
-- Found kdl_parser: 2.11.0 (/opt/ros/jazzy/share/kdl_parser/cmake)
-- Found ament_cmake_gmock: 2.5.4 (/opt/ros/jazzy/share/ament_cmake_gmock/cmake)
-- Found controller_manager: 4.29.0 (/opt/ros/jazzy/share/controller_manager/cmake)
-- Found ros2_control_test_assets: 4.29.0 (/opt/ros/jazzy/share/ros2_control_test_assets/cmake)
-- Configuring done (1.2s)
-- Generating done (0.0s)
-- Build files have been written to: /home/ajay/ros2_ws/src/ur_admittance_controller/build/ur_admittance_controller
[ 11%] Running `/opt/ros/jazzy/bin/generate_parameter_library_cpp /home/ajay/ros2_ws/src/ur_admittance_controller/build/ur_admittance_controller/include/ur_admittance_controller/ur_admittance_controller_parameters.hpp /home/ajay/ros2_ws/src/ur_admittance_controller/config/admittance_config.yaml `
[ 22%] Creating deprecated header file /home/ajay/ros2_ws/src/ur_admittance_controller/build/ur_admittance_controller/include/ur_admittance_controller_parameters.hpp
[ 22%] Built target ur_admittance_controller_parameters
[ 44%] Building CXX object CMakeFiles/ur_admittance_controller.dir/src/sensor_interface.cpp.o
[ 44%] Building CXX object CMakeFiles/ur_admittance_controller.dir/src/realtime_computations.cpp.o
[ 55%] Building CXX object CMakeFiles/ur_admittance_controller.dir/src/controller_integration.cpp.o
[ 66%] Building CXX object CMakeFiles/ur_admittance_controller.dir/src/admittance_controller.cpp.o
[ 77%] Building CXX object CMakeFiles/ur_admittance_controller.dir/src/plugin_export.cpp.o
[ 88%] Building CXX object CMakeFiles/ur_admittance_controller.dir/src/utilities.cpp.o
/home/ajay/ros2_ws/src/ur_admittance_controller/src/sensor_interface.cpp: In member function ‘bool ur_admittance_controller::AdmittanceController::updateSensorData()’:
/home/ajay/ros2_ws/src/ur_admittance_controller/src/sensor_interface.cpp:34:30: warning: ‘double hardware_interface::LoanedStateInterface::get_value() const’ is deprecated: Use std::optional<T> get_optional() instead to retrieve the value. This method will be removed by the ROS 2 Kilted Kaiju release. [-Wdeprecated-declarations]
   34 |       if (interface.get_value() != std::numeric_limits<double>::quiet_NaN()) {
      |           ~~~~~~~~~~~~~~~~~~~^~
In file included from /opt/ros/jazzy/include/controller_interface/controller_interface/controller_interface_base.hpp:28,
                 from /opt/ros/jazzy/include/controller_interface/controller_interface/chainable_controller_interface.hpp:23,
                 from /home/ajay/ros2_ws/src/ur_admittance_controller/include/admittance_controller.hpp:27,
                 from /home/ajay/ros2_ws/src/ur_admittance_controller/src/sensor_interface.cpp:9:
/opt/ros/jazzy/include/hardware_interface/hardware_interface/loaned_state_interface.hpp:94:10: note: declared here
   94 |   double get_value() const
      |          ^~~~~~~~~
/home/ajay/ros2_ws/src/ur_admittance_controller/src/sensor_interface.cpp:35:44: warning: ‘double hardware_interface::LoanedStateInterface::get_value() const’ is deprecated: Use std::optional<T> get_optional() instead to retrieve the value. This method will be removed by the ROS 2 Kilted Kaiju release. [-Wdeprecated-declarations]
   35 |         raw_wrench(i) = interface.get_value();
      |                         ~~~~~~~~~~~~~~~~~~~^~
/opt/ros/jazzy/include/hardware_interface/hardware_interface/loaned_state_interface.hpp:94:10: note: declared here
   94 |   double get_value() const
      |          ^~~~~~~~~
/home/ajay/ros2_ws/src/ur_admittance_controller/src/sensor_interface.cpp: In member function ‘bool ur_admittance_controller::AdmittanceController::checkDeadband()’:
/home/ajay/ros2_ws/src/ur_admittance_controller/src/sensor_interface.cpp:231:73: warning: ‘double hardware_interface::LoanedStateInterface::get_value() const’ is deprecated: Use std::optional<T> get_optional() instead to retrieve the value. This method will be removed by the ROS 2 Kilted Kaiju release. [-Wdeprecated-declarations]
  231 |         joint_position_references_[i] = state_interfaces_[idx].get_value();
      |                                         ~~~~~~~~~~~~~~~~~~~~~~~~~~~~~~~~^~
/opt/ros/jazzy/include/hardware_interface/hardware_interface/loaned_state_interface.hpp:94:10: note: declared here
   94 |   double get_value() const
      |          ^~~~~~~~~
/home/ajay/ros2_ws/src/ur_admittance_controller/src/realtime_computations.cpp: In member function ‘bool ur_admittance_controller::AdmittanceController::convertToJointSpace(const ur_admittance_controller::Vector6d&, const rclcpp::Duration&)’:
/home/ajay/ros2_ws/src/ur_admittance_controller/src/realtime_computations.cpp:474:55: warning: ‘double hardware_interface::LoanedStateInterface::get_value() const’ is deprecated: Use std::optional<T> get_optional() instead to retrieve the value. This method will be removed by the ROS 2 Kilted Kaiju release. [-Wdeprecated-declarations]
  474 |     current_pos_[i] = state_interfaces_[idx].get_value();
      |                       ~~~~~~~~~~~~~~~~~~~~~~~~~~~~~~~~^~
In file included from /opt/ros/jazzy/include/controller_interface/controller_interface/controller_interface_base.hpp:28,
                 from /opt/ros/jazzy/include/controller_interface/controller_interface/chainable_controller_interface.hpp:23,
                 from /home/ajay/ros2_ws/src/ur_admittance_controller/include/admittance_controller.hpp:27,
                 from /home/ajay/ros2_ws/src/ur_admittance_controller/src/realtime_computations.cpp:10:
/opt/ros/jazzy/include/hardware_interface/hardware_interface/loaned_state_interface.hpp:94:10: note: declared here
   94 |   double get_value() const
      |          ^~~~~~~~~
/home/ajay/ros2_ws/src/ur_admittance_controller/src/realtime_computations.cpp: In member function ‘bool ur_admittance_controller::AdmittanceController::handleDriftReset()’:
/home/ajay/ros2_ws/src/ur_admittance_controller/src/realtime_computations.cpp:559:65: warning: ‘double hardware_interface::LoanedStateInterface::get_value() const’ is deprecated: Use std::optional<T> get_optional() instead to retrieve the value. This method will be removed by the ROS 2 Kilted Kaiju release. [-Wdeprecated-declarations]
  559 |       joint_positions_[i++] = state_interfaces_[index].get_value();
      |                               ~~~~~~~~~~~~~~~~~~~~~~~~~~~~~~~~~~^~
/opt/ros/jazzy/include/hardware_interface/hardware_interface/loaned_state_interface.hpp:94:10: note: declared here
   94 |   double get_value() const
      |          ^~~~~~~~~
[100%] Linking CXX shared library libur_admittance_controller.so
[100%] Built target ur_admittance_controller
-- Install configuration: ""
-- Installing: /home/ajay/ros2_ws/src/ur_admittance_controller/install/ur_admittance_controller/include/ur_admittance_controller
-- Installing: /home/ajay/ros2_ws/src/ur_admittance_controller/install/ur_admittance_controller/include/ur_admittance_controller/ur_admittance_controller_parameters.hpp
-- Installing: /home/ajay/ros2_ws/src/ur_admittance_controller/install/ur_admittance_controller/share/ur_admittance_controller/ur_admittance_controller.xml
-- Installing: /home/ajay/ros2_ws/src/ur_admittance_controller/install/ur_admittance_controller/lib/libur_admittance_controller.so
-- Set non-toolchain portion of runtime path of "/home/ajay/ros2_ws/src/ur_admittance_controller/install/ur_admittance_controller/lib/libur_admittance_controller.so" to ""
-- Up-to-date: /home/ajay/ros2_ws/src/ur_admittance_controller/install/ur_admittance_controller/include
-- Installing: /home/ajay/ros2_ws/src/ur_admittance_controller/install/ur_admittance_controller/include/matrix_utilities.hpp
-- Installing: /home/ajay/ros2_ws/src/ur_admittance_controller/install/ur_admittance_controller/include/admittance_controller.hpp
-- Installing: /home/ajay/ros2_ws/src/ur_admittance_controller/install/ur_admittance_controller/include/admittance_types.hpp
-- Installing: /home/ajay/ros2_ws/src/ur_admittance_controller/install/ur_admittance_controller/include/admittance_constants.hpp
-- Installing: /home/ajay/ros2_ws/src/ur_admittance_controller/install/ur_admittance_controller/share/ur_admittance_controller/config
-- Installing: /home/ajay/ros2_ws/src/ur_admittance_controller/install/ur_admittance_controller/share/ur_admittance_controller/config/admittance_config.yaml
-- Installing: /home/ajay/ros2_ws/src/ur_admittance_controller/install/ur_admittance_controller/share/ur_admittance_controller/launch
-- Installing: /home/ajay/ros2_ws/src/ur_admittance_controller/install/ur_admittance_controller/share/ur_admittance_controller/launch/ur_admittance.launch.py
-- Installing: /home/ajay/ros2_ws/src/ur_admittance_controller/install/ur_admittance_controller/share/ur_admittance_controller/launch/__pycache__
-- Installing: /home/ajay/ros2_ws/src/ur_admittance_controller/install/ur_admittance_controller/share/ur_admittance_controller/launch/__pycache__/ur_admittance.launch.cpython-312.pyc
-- Installing: /home/ajay/ros2_ws/src/ur_admittance_controller/install/ur_admittance_controller/share/ur_admittance_controller/scripts
-- Installing: /home/ajay/ros2_ws/src/ur_admittance_controller/install/ur_admittance_controller/share/ur_admittance_controller/scripts/system_status.py
-- Installing: /home/ajay/ros2_ws/src/ur_admittance_controller/install/ur_admittance_controller/share/ur_admittance_controller/scripts/ur_admittance_tests.py
-- Installing: /home/ajay/ros2_ws/src/ur_admittance_controller/install/ur_admittance_controller/share/ur_admittance_controller/scripts/ur_admittance_utils.py
-- Installing: /home/ajay/ros2_ws/src/ur_admittance_controller/install/ur_admittance_controller/share/ur_admittance_controller/scripts/validate_notation.py
-- Installing: /home/ajay/ros2_ws/src/ur_admittance_controller/install/ur_admittance_controller/share/ur_admittance_controller/scripts/safe_startup_test.py
-- Installing: /home/ajay/ros2_ws/src/ur_admittance_controller/install/ur_admittance_controller/share/ur_admittance_controller/scripts/__pycache__
-- Installing: /home/ajay/ros2_ws/src/ur_admittance_controller/install/ur_admittance_controller/share/ur_admittance_controller/scripts/__pycache__/test_impedance_modes.cpython-312.pyc
-- Installing: /home/ajay/ros2_ws/src/ur_admittance_controller/install/ur_admittance_controller/share/ur_admittance_controller/scripts/__pycache__/test_safe_startup.cpython-312.pyc
-- Installing: /home/ajay/ros2_ws/src/ur_admittance_controller/install/ur_admittance_controller/share/ur_admittance_controller/scripts/__pycache__/system_status.cpython-312.pyc
-- Installing: /home/ajay/ros2_ws/src/ur_admittance_controller/install/ur_admittance_controller/lib/ur_admittance_controller/ur_admittance_tests.py
-- Installing: /home/ajay/ros2_ws/src/ur_admittance_controller/install/ur_admittance_controller/lib/ur_admittance_controller/ur_admittance_utils.py
-- Installing: /home/ajay/ros2_ws/src/ur_admittance_controller/install/ur_admittance_controller/lib/ur_admittance_controller/validate_notation.py
-- Installing: /home/ajay/ros2_ws/src/ur_admittance_controller/install/ur_admittance_controller/lib/ur_admittance_controller/safe_startup_test.py
-- Installing: /home/ajay/ros2_ws/src/ur_admittance_controller/install/ur_admittance_controller/lib/ur_admittance_controller/system_status.py
-- Installing: /home/ajay/ros2_ws/src/ur_admittance_controller/install/ur_admittance_controller/share/ur_admittance_controller/environment/library_path.sh
-- Installing: /home/ajay/ros2_ws/src/ur_admittance_controller/install/ur_admittance_controller/share/ur_admittance_controller/environment/library_path.dsv
-- Installing: /home/ajay/ros2_ws/src/ur_admittance_controller/install/ur_admittance_controller/share/ament_index/resource_index/package_run_dependencies/ur_admittance_controller
-- Installing: /home/ajay/ros2_ws/src/ur_admittance_controller/install/ur_admittance_controller/share/ament_index/resource_index/parent_prefix_path/ur_admittance_controller
-- Installing: /home/ajay/ros2_ws/src/ur_admittance_controller/install/ur_admittance_controller/share/ur_admittance_controller/environment/ament_prefix_path.sh
-- Installing: /home/ajay/ros2_ws/src/ur_admittance_controller/install/ur_admittance_controller/share/ur_admittance_controller/environment/ament_prefix_path.dsv
-- Installing: /home/ajay/ros2_ws/src/ur_admittance_controller/install/ur_admittance_controller/share/ur_admittance_controller/environment/path.sh
-- Installing: /home/ajay/ros2_ws/src/ur_admittance_controller/install/ur_admittance_controller/share/ur_admittance_controller/environment/path.dsv
-- Installing: /home/ajay/ros2_ws/src/ur_admittance_controller/install/ur_admittance_controller/share/ur_admittance_controller/local_setup.bash
-- Installing: /home/ajay/ros2_ws/src/ur_admittance_controller/install/ur_admittance_controller/share/ur_admittance_controller/local_setup.sh
-- Installing: /home/ajay/ros2_ws/src/ur_admittance_controller/install/ur_admittance_controller/share/ur_admittance_controller/local_setup.zsh
-- Installing: /home/ajay/ros2_ws/src/ur_admittance_controller/install/ur_admittance_controller/share/ur_admittance_controller/local_setup.dsv
-- Installing: /home/ajay/ros2_ws/src/ur_admittance_controller/install/ur_admittance_controller/share/ur_admittance_controller/package.dsv
-- Installing: /home/ajay/ros2_ws/src/ur_admittance_controller/install/ur_admittance_controller/share/ament_index/resource_index/packages/ur_admittance_controller
-- Installing: /home/ajay/ros2_ws/src/ur_admittance_controller/install/ur_admittance_controller/share/ament_index/resource_index/controller_interface__pluginlib__plugin/ur_admittance_controller
-- Installing: /home/ajay/ros2_ws/src/ur_admittance_controller/install/ur_admittance_controller/share/ur_admittance_controller/cmake/export_ur_admittance_controllerExport.cmake
-- Installing: /home/ajay/ros2_ws/src/ur_admittance_controller/install/ur_admittance_controller/share/ur_admittance_controller/cmake/export_ur_admittance_controllerExport-noconfig.cmake
-- Installing: /home/ajay/ros2_ws/src/ur_admittance_controller/install/ur_admittance_controller/share/ur_admittance_controller/cmake/ament_cmake_export_dependencies-extras.cmake
-- Installing: /home/ajay/ros2_ws/src/ur_admittance_controller/install/ur_admittance_controller/share/ur_admittance_controller/cmake/ament_cmake_export_targets-extras.cmake
-- Installing: /home/ajay/ros2_ws/src/ur_admittance_controller/install/ur_admittance_controller/share/ur_admittance_controller/cmake/ur_admittance_controllerConfig.cmake
-- Installing: /home/ajay/ros2_ws/src/ur_admittance_controller/install/ur_admittance_controller/share/ur_admittance_controller/cmake/ur_admittance_controllerConfig-version.cmake
-- Installing: /home/ajay/ros2_ws/src/ur_admittance_controller/install/ur_admittance_controller/share/ur_admittance_controller/package.xml
