[0.053s] DEBUG:colcon:Command line arguments: ['/usr/bin/colcon', 'build', '--base-paths', '.', '--build-base', 'build', '--install-base', 'install', '--packages-select', 'ur_admittance_controller']
[0.053s] DEBUG:colcon:Parsed command line arguments: Namespace(log_base=None, log_level=None, verb_name='build', build_base='/home/ajay/ros2_ws/src/ur_admittance_controller/build', install_base='/home/ajay/ros2_ws/src/ur_admittance_controller/install', merge_install=False, symlink_install=False, test_result_base=None, continue_on_error=False, executor='parallel', parallel_workers=32, event_handlers=None, ignore_user_meta=False, metas=['./colcon.meta'], base_paths=['.'], packages_ignore=None, packages_ignore_regex=None, paths=None, packages_up_to=None, packages_up_to_regex=None, packages_above=None, packages_above_and_dependencies=None, packages_above_depth=None, packages_select_by_dep=None, packages_skip_by_dep=None, packages_skip_up_to=None, packages_select_build_failed=False, packages_skip_build_finished=False, packages_select_test_failures=False, packages_skip_test_passed=False, packages_select=['ur_admittance_controller'], packages_skip=None, packages_select_regex=None, packages_skip_regex=None, packages_start=None, packages_end=None, allow_overriding=[], cmake_args=None, cmake_target=None, cmake_target_skip_unavailable=False, cmake_clean_cache=False, cmake_clean_first=False, cmake_force_configure=False, ament_cmake_args=None, catkin_cmake_args=None, catkin_skip_building_tests=False, mixin_files=None, mixin=None, verb_parser=<colcon_mixin.mixin.mixin_argument.MixinArgumentDecorator object at 0x742d5eda1730>, verb_extension=<colcon_core.verb.build.BuildVerb object at 0x742d5eda1430>, main=<bound method BuildVerb.main of <colcon_core.verb.build.BuildVerb object at 0x742d5eda1430>>, mixin_verb=('build',))
[0.072s] Level 1:colcon.colcon_core.package_discovery:discover_packages(colcon_meta) check parameters
[0.072s] Level 1:colcon.colcon_core.package_discovery:discover_packages(recursive) check parameters
[0.072s] Level 1:colcon.colcon_core.package_discovery:discover_packages(ignore) check parameters
[0.072s] Level 1:colcon.colcon_core.package_discovery:discover_packages(path) check parameters
[0.072s] Level 1:colcon.colcon_core.package_discovery:discover_packages(recursive) discover
[0.072s] INFO:colcon.colcon_core.package_discovery:Crawling recursively for packages in '/home/ajay/ros2_ws/src/ur_admittance_controller'
[0.072s] Level 1:colcon.colcon_core.package_identification:_identify(.) by extensions ['ignore', 'ignore_ament_install']
[0.072s] Level 1:colcon.colcon_core.package_identification:_identify(.) by extension 'ignore'
[0.072s] Level 1:colcon.colcon_core.package_identification:_identify(.) by extension 'ignore_ament_install'
[0.072s] Level 1:colcon.colcon_core.package_identification:_identify(.) by extensions ['colcon_pkg']
[0.072s] Level 1:colcon.colcon_core.package_identification:_identify(.) by extension 'colcon_pkg'
[0.072s] Level 1:colcon.colcon_core.package_identification:_identify(.) by extensions ['colcon_meta']
[0.072s] Level 1:colcon.colcon_core.package_identification:_identify(.) by extension 'colcon_meta'
[0.072s] Level 1:colcon.colcon_core.package_identification:_identify(.) by extensions ['ros']
[0.072s] Level 1:colcon.colcon_core.package_identification:_identify(.) by extension 'ros'
[0.086s] DEBUG:colcon.colcon_core.package_identification:Package '.' with type 'ros.ament_cmake' and name 'ur_admittance_controller'
[0.087s] Level 1:colcon.colcon_core.package_discovery:discover_packages(recursive) using defaults
[0.096s] Level 1:colcon.colcon_core.package_discovery:discover_packages(prefix_path) check parameters
[0.096s] Level 1:colcon.colcon_core.package_discovery:discover_packages(prefix_path) discover
[0.096s] DEBUG:colcon.colcon_installed_package_information.package_discovery:Found 2 installed packages in /home/ajay/ros2_ws/install
[0.097s] DEBUG:colcon.colcon_installed_package_information.package_discovery:Found 452 installed packages in /opt/ros/jazzy
[0.098s] Level 1:colcon.colcon_core.package_discovery:discover_packages(prefix_path) using defaults
[0.122s] Level 5:colcon.colcon_core.verb:set package 'ur_admittance_controller' build argument 'cmake_args' from command line to 'None'
[0.122s] Level 5:colcon.colcon_core.verb:set package 'ur_admittance_controller' build argument 'cmake_target' from command line to 'None'
[0.122s] Level 5:colcon.colcon_core.verb:set package 'ur_admittance_controller' build argument 'cmake_target_skip_unavailable' from command line to 'False'
[0.122s] Level 5:colcon.colcon_core.verb:set package 'ur_admittance_controller' build argument 'cmake_clean_cache' from command line to 'False'
[0.122s] Level 5:colcon.colcon_core.verb:set package 'ur_admittance_controller' build argument 'cmake_clean_first' from command line to 'False'
[0.122s] Level 5:colcon.colcon_core.verb:set package 'ur_admittance_controller' build argument 'cmake_force_configure' from command line to 'False'
[0.122s] Level 5:colcon.colcon_core.verb:set package 'ur_admittance_controller' build argument 'ament_cmake_args' from command line to 'None'
[0.122s] Level 5:colcon.colcon_core.verb:set package 'ur_admittance_controller' build argument 'catkin_cmake_args' from command line to 'None'
[0.122s] Level 5:colcon.colcon_core.verb:set package 'ur_admittance_controller' build argument 'catkin_skip_building_tests' from command line to 'False'
[0.122s] DEBUG:colcon.colcon_core.verb:Building package 'ur_admittance_controller' with the following arguments: {'ament_cmake_args': None, 'build_base': '/home/ajay/ros2_ws/src/ur_admittance_controller/build/ur_admittance_controller', 'catkin_cmake_args': None, 'catkin_skip_building_tests': False, 'cmake_args': None, 'cmake_clean_cache': False, 'cmake_clean_first': False, 'cmake_force_configure': False, 'cmake_target': None, 'cmake_target_skip_unavailable': False, 'install_base': '/home/ajay/ros2_ws/src/ur_admittance_controller/install/ur_admittance_controller', 'merge_install': False, 'path': '/home/ajay/ros2_ws/src/ur_admittance_controller', 'symlink_install': False, 'test_result_base': None}
[0.122s] INFO:colcon.colcon_core.executor:Executing jobs using 'parallel' executor
[0.123s] DEBUG:colcon.colcon_parallel_executor.executor.parallel:run_until_complete
[0.123s] INFO:colcon.colcon_ros.task.ament_cmake.build:Building ROS package in '/home/ajay/ros2_ws/src/ur_admittance_controller' with build type 'ament_cmake'
[0.123s] INFO:colcon.colcon_cmake.task.cmake.build:Building CMake package in '/home/ajay/ros2_ws/src/ur_admittance_controller'
[0.124s] INFO:colcon.colcon_core.plugin_system:Skipping extension 'colcon_core.shell.bat': Not used on non-Windows systems
[0.124s] INFO:colcon.colcon_core.shell:Skip shell extension 'powershell' for command environment: Not usable outside of PowerShell
[0.124s] DEBUG:colcon.colcon_core.shell:Skip shell extension 'dsv' for command environment
[0.128s] DEBUG:colcon.colcon_core.event_handler.log_command:Invoking command in '/home/ajay/ros2_ws/src/ur_admittance_controller/build/ur_admittance_controller': CMAKE_PREFIX_PATH=${CMAKE_PREFIX_PATH}:/opt/ros/jazzy DEBUGINFOD_URLS=https://debuginfod.ubuntu.com /usr/bin/cmake /home/ajay/ros2_ws/src/ur_admittance_controller -DCMAKE_INSTALL_PREFIX=/home/ajay/ros2_ws/src/ur_admittance_controller/install/ur_admittance_controller
[1.336s] DEBUG:colcon.colcon_core.event_handler.log_command:Invoked command in '/home/ajay/ros2_ws/src/ur_admittance_controller/build/ur_admittance_controller' returned '0': CMAKE_PREFIX_PATH=${CMAKE_PREFIX_PATH}:/opt/ros/jazzy DEBUGINFOD_URLS=https://debuginfod.ubuntu.com /usr/bin/cmake /home/ajay/ros2_ws/src/ur_admittance_controller -DCMAKE_INSTALL_PREFIX=/home/ajay/ros2_ws/src/ur_admittance_controller/install/ur_admittance_controller
[1.337s] DEBUG:colcon.colcon_core.event_handler.log_command:Invoking command in '/home/ajay/ros2_ws/src/ur_admittance_controller/build/ur_admittance_controller': CMAKE_PREFIX_PATH=${CMAKE_PREFIX_PATH}:/opt/ros/jazzy DEBUGINFOD_URLS=https://debuginfod.ubuntu.com /usr/bin/cmake --build /home/ajay/ros2_ws/src/ur_admittance_controller/build/ur_admittance_controller -- -j32 -l32
[7.986s] DEBUG:colcon.colcon_core.event_handler.log_command:Invoked command in '/home/ajay/ros2_ws/src/ur_admittance_controller/build/ur_admittance_controller' returned '0': CMAKE_PREFIX_PATH=${CMAKE_PREFIX_PATH}:/opt/ros/jazzy DEBUGINFOD_URLS=https://debuginfod.ubuntu.com /usr/bin/cmake --build /home/ajay/ros2_ws/src/ur_admittance_controller/build/ur_admittance_controller -- -j32 -l32
[7.996s] DEBUG:colcon.colcon_core.event_handler.log_command:Invoking command in '/home/ajay/ros2_ws/src/ur_admittance_controller/build/ur_admittance_controller': CMAKE_PREFIX_PATH=${CMAKE_PREFIX_PATH}:/opt/ros/jazzy DEBUGINFOD_URLS=https://debuginfod.ubuntu.com /usr/bin/cmake --install /home/ajay/ros2_ws/src/ur_admittance_controller/build/ur_admittance_controller
[8.015s] Level 1:colcon.colcon_core.environment:create_environment_scripts_only(ur_admittance_controller)
[8.015s] DEBUG:colcon.colcon_core.event_handler.log_command:Invoked command in '/home/ajay/ros2_ws/src/ur_admittance_controller/build/ur_admittance_controller' returned '0': CMAKE_PREFIX_PATH=${CMAKE_PREFIX_PATH}:/opt/ros/jazzy DEBUGINFOD_URLS=https://debuginfod.ubuntu.com /usr/bin/cmake --install /home/ajay/ros2_ws/src/ur_admittance_controller/build/ur_admittance_controller
[8.016s] Level 1:colcon.colcon_core.environment:checking '/home/ajay/ros2_ws/src/ur_admittance_controller/install/ur_admittance_controller' for CMake module files
[8.017s] Level 1:colcon.colcon_core.environment:checking '/home/ajay/ros2_ws/src/ur_admittance_controller/install/ur_admittance_controller' for CMake config files
[8.017s] Level 1:colcon.colcon_core.shell:create_environment_hook('ur_admittance_controller', 'cmake_prefix_path')
[8.017s] INFO:colcon.colcon_core.shell:Creating environment hook '/home/ajay/ros2_ws/src/ur_admittance_controller/install/ur_admittance_controller/share/ur_admittance_controller/hook/cmake_prefix_path.ps1'
[8.018s] INFO:colcon.colcon_core.shell:Creating environment descriptor '/home/ajay/ros2_ws/src/ur_admittance_controller/install/ur_admittance_controller/share/ur_admittance_controller/hook/cmake_prefix_path.dsv'
[8.018s] INFO:colcon.colcon_core.shell:Creating environment hook '/home/ajay/ros2_ws/src/ur_admittance_controller/install/ur_admittance_controller/share/ur_admittance_controller/hook/cmake_prefix_path.sh'
[8.019s] Level 1:colcon.colcon_core.environment:checking '/home/ajay/ros2_ws/src/ur_admittance_controller/install/ur_admittance_controller/lib'
[8.019s] Level 1:colcon.colcon_core.shell:create_environment_hook('ur_admittance_controller', 'ld_library_path_lib')
[8.020s] INFO:colcon.colcon_core.shell:Creating environment hook '/home/ajay/ros2_ws/src/ur_admittance_controller/install/ur_admittance_controller/share/ur_admittance_controller/hook/ld_library_path_lib.ps1'
[8.020s] INFO:colcon.colcon_core.shell:Creating environment descriptor '/home/ajay/ros2_ws/src/ur_admittance_controller/install/ur_admittance_controller/share/ur_admittance_controller/hook/ld_library_path_lib.dsv'
[8.020s] INFO:colcon.colcon_core.shell:Creating environment hook '/home/ajay/ros2_ws/src/ur_admittance_controller/install/ur_admittance_controller/share/ur_admittance_controller/hook/ld_library_path_lib.sh'
[8.021s] Level 1:colcon.colcon_core.environment:checking '/home/ajay/ros2_ws/src/ur_admittance_controller/install/ur_admittance_controller/bin'
[8.021s] Level 1:colcon.colcon_core.environment:checking '/home/ajay/ros2_ws/src/ur_admittance_controller/install/ur_admittance_controller/lib/pkgconfig/ur_admittance_controller.pc'
[8.021s] Level 1:colcon.colcon_core.environment:checking '/home/ajay/ros2_ws/src/ur_admittance_controller/install/ur_admittance_controller/lib/python3.12/site-packages'
[8.021s] Level 1:colcon.colcon_core.environment:checking '/home/ajay/ros2_ws/src/ur_admittance_controller/install/ur_admittance_controller/bin'
[8.022s] INFO:colcon.colcon_core.shell:Creating package script '/home/ajay/ros2_ws/src/ur_admittance_controller/install/ur_admittance_controller/share/ur_admittance_controller/package.ps1'
[8.022s] INFO:colcon.colcon_core.shell:Creating package descriptor '/home/ajay/ros2_ws/src/ur_admittance_controller/install/ur_admittance_controller/share/ur_admittance_controller/package.dsv'
[8.023s] INFO:colcon.colcon_core.shell:Creating package script '/home/ajay/ros2_ws/src/ur_admittance_controller/install/ur_admittance_controller/share/ur_admittance_controller/package.sh'
[8.023s] INFO:colcon.colcon_core.shell:Creating package script '/home/ajay/ros2_ws/src/ur_admittance_controller/install/ur_admittance_controller/share/ur_admittance_controller/package.bash'
[8.024s] INFO:colcon.colcon_core.shell:Creating package script '/home/ajay/ros2_ws/src/ur_admittance_controller/install/ur_admittance_controller/share/ur_admittance_controller/package.zsh'
[8.024s] Level 1:colcon.colcon_core.environment:create_file_with_runtime_dependencies(/home/ajay/ros2_ws/src/ur_admittance_controller/install/ur_admittance_controller/share/colcon-core/packages/ur_admittance_controller)
[8.025s] Level 1:colcon.colcon_core.environment:create_environment_scripts_only(ur_admittance_controller)
[8.025s] Level 1:colcon.colcon_core.environment:checking '/home/ajay/ros2_ws/src/ur_admittance_controller/install/ur_admittance_controller' for CMake module files
[8.025s] Level 1:colcon.colcon_core.environment:checking '/home/ajay/ros2_ws/src/ur_admittance_controller/install/ur_admittance_controller' for CMake config files
[8.025s] Level 1:colcon.colcon_core.shell:create_environment_hook('ur_admittance_controller', 'cmake_prefix_path')
[8.026s] INFO:colcon.colcon_core.shell:Creating environment hook '/home/ajay/ros2_ws/src/ur_admittance_controller/install/ur_admittance_controller/share/ur_admittance_controller/hook/cmake_prefix_path.ps1'
[8.026s] INFO:colcon.colcon_core.shell:Creating environment descriptor '/home/ajay/ros2_ws/src/ur_admittance_controller/install/ur_admittance_controller/share/ur_admittance_controller/hook/cmake_prefix_path.dsv'
[8.026s] INFO:colcon.colcon_core.shell:Creating environment hook '/home/ajay/ros2_ws/src/ur_admittance_controller/install/ur_admittance_controller/share/ur_admittance_controller/hook/cmake_prefix_path.sh'
[8.026s] Level 1:colcon.colcon_core.environment:checking '/home/ajay/ros2_ws/src/ur_admittance_controller/install/ur_admittance_controller/lib'
[8.026s] Level 1:colcon.colcon_core.shell:create_environment_hook('ur_admittance_controller', 'ld_library_path_lib')
[8.027s] INFO:colcon.colcon_core.shell:Creating environment hook '/home/ajay/ros2_ws/src/ur_admittance_controller/install/ur_admittance_controller/share/ur_admittance_controller/hook/ld_library_path_lib.ps1'
[8.027s] INFO:colcon.colcon_core.shell:Creating environment descriptor '/home/ajay/ros2_ws/src/ur_admittance_controller/install/ur_admittance_controller/share/ur_admittance_controller/hook/ld_library_path_lib.dsv'
[8.027s] INFO:colcon.colcon_core.shell:Creating environment hook '/home/ajay/ros2_ws/src/ur_admittance_controller/install/ur_admittance_controller/share/ur_admittance_controller/hook/ld_library_path_lib.sh'
[8.027s] Level 1:colcon.colcon_core.environment:checking '/home/ajay/ros2_ws/src/ur_admittance_controller/install/ur_admittance_controller/bin'
[8.027s] Level 1:colcon.colcon_core.environment:checking '/home/ajay/ros2_ws/src/ur_admittance_controller/install/ur_admittance_controller/lib/pkgconfig/ur_admittance_controller.pc'
[8.027s] Level 1:colcon.colcon_core.environment:checking '/home/ajay/ros2_ws/src/ur_admittance_controller/install/ur_admittance_controller/lib/python3.12/site-packages'
[8.028s] Level 1:colcon.colcon_core.environment:checking '/home/ajay/ros2_ws/src/ur_admittance_controller/install/ur_admittance_controller/bin'
[8.028s] INFO:colcon.colcon_core.shell:Creating package script '/home/ajay/ros2_ws/src/ur_admittance_controller/install/ur_admittance_controller/share/ur_admittance_controller/package.ps1'
[8.028s] INFO:colcon.colcon_core.shell:Creating package descriptor '/home/ajay/ros2_ws/src/ur_admittance_controller/install/ur_admittance_controller/share/ur_admittance_controller/package.dsv'
[8.028s] INFO:colcon.colcon_core.shell:Creating package script '/home/ajay/ros2_ws/src/ur_admittance_controller/install/ur_admittance_controller/share/ur_admittance_controller/package.sh'
[8.028s] INFO:colcon.colcon_core.shell:Creating package script '/home/ajay/ros2_ws/src/ur_admittance_controller/install/ur_admittance_controller/share/ur_admittance_controller/package.bash'
[8.029s] INFO:colcon.colcon_core.shell:Creating package script '/home/ajay/ros2_ws/src/ur_admittance_controller/install/ur_admittance_controller/share/ur_admittance_controller/package.zsh'
[8.029s] Level 1:colcon.colcon_core.environment:create_file_with_runtime_dependencies(/home/ajay/ros2_ws/src/ur_admittance_controller/install/ur_admittance_controller/share/colcon-core/packages/ur_admittance_controller)
[8.029s] DEBUG:colcon.colcon_parallel_executor.executor.parallel:closing loop
[8.029s] DEBUG:colcon.colcon_parallel_executor.executor.parallel:loop closed
[8.029s] DEBUG:colcon.colcon_parallel_executor.executor.parallel:run_until_complete finished with '0'
[8.029s] DEBUG:colcon.colcon_core.event_reactor:joining thread
[8.032s] INFO:colcon.colcon_core.plugin_system:Skipping extension 'colcon_notification.desktop_notification.terminal_notifier': Not used on non-Darwin systems
[8.032s] INFO:colcon.colcon_core.plugin_system:Skipping extension 'colcon_notification.desktop_notification.win32': Not used on non-Windows systems
[8.032s] INFO:colcon.colcon_notification.desktop_notification:Sending desktop notification using 'notify2'
[8.046s] DEBUG:colcon.colcon_core.event_reactor:joined thread
[8.046s] INFO:colcon.colcon_core.shell:Creating prefix script '/home/ajay/ros2_ws/src/ur_admittance_controller/install/local_setup.ps1'
[8.046s] INFO:colcon.colcon_core.shell:Creating prefix util module '/home/ajay/ros2_ws/src/ur_admittance_controller/install/_local_setup_util_ps1.py'
[8.047s] INFO:colcon.colcon_core.shell:Creating prefix chain script '/home/ajay/ros2_ws/src/ur_admittance_controller/install/setup.ps1'
[8.048s] INFO:colcon.colcon_core.shell:Creating prefix script '/home/ajay/ros2_ws/src/ur_admittance_controller/install/local_setup.sh'
[8.049s] INFO:colcon.colcon_core.shell:Creating prefix util module '/home/ajay/ros2_ws/src/ur_admittance_controller/install/_local_setup_util_sh.py'
[8.049s] INFO:colcon.colcon_core.shell:Creating prefix chain script '/home/ajay/ros2_ws/src/ur_admittance_controller/install/setup.sh'
[8.050s] INFO:colcon.colcon_core.shell:Creating prefix script '/home/ajay/ros2_ws/src/ur_admittance_controller/install/local_setup.bash'
[8.050s] INFO:colcon.colcon_core.shell:Creating prefix chain script '/home/ajay/ros2_ws/src/ur_admittance_controller/install/setup.bash'
[8.051s] INFO:colcon.colcon_core.shell:Creating prefix script '/home/ajay/ros2_ws/src/ur_admittance_controller/install/local_setup.zsh'
[8.052s] INFO:colcon.colcon_core.shell:Creating prefix chain script '/home/ajay/ros2_ws/src/ur_admittance_controller/install/setup.zsh'
