[0.006s] Invoking command in '/home/ajay/ros2_ws/src/ur_admittance_controller/build/ur_admittance_controller': CMAKE_PREFIX_PATH=${CMAKE_PREFIX_PATH}:/opt/ros/jazzy DEBUGINFOD_URLS=https://debuginfod.ubuntu.com /usr/bin/cmake --build /home/ajay/ros2_ws/src/ur_admittance_controller/build/ur_admittance_controller -- -j32 -l32
[0.028s] -- Found ament_cmake: 2.5.4 (/opt/ros/jazzy/share/ament_cmake/cmake)
[0.187s] -- Found rclcpp: 28.1.9 (/opt/ros/jazzy/share/rclcpp/cmake)
[0.200s] -- Found rosidl_generator_c: 4.6.5 (/opt/ros/jazzy/share/rosidl_generator_c/cmake)
[0.204s] -- Found rosidl_generator_cpp: 4.6.5 (/opt/ros/jazzy/share/rosidl_generator_cpp/cmake)
[0.210s] -- Using all available rosidl_typesupport_c: rosidl_typesupport_fastrtps_c;rosidl_typesupport_introspection_c
[0.216s] -- Using all available rosidl_typesupport_cpp: rosidl_typesupport_fastrtps_cpp;rosidl_typesupport_introspection_cpp
[0.247s] -- Found rmw_implementation_cmake: 7.3.2 (/opt/ros/jazzy/share/rmw_implementation_cmake/cmake)
[0.248s] -- Found rmw_fastrtps_cpp: 8.4.2 (/opt/ros/jazzy/share/rmw_fastrtps_cpp/cmake)
[0.296s] -- Using RMW implementation 'rmw_fastrtps_cpp' as default
[0.333s] -- Found rclcpp_lifecycle: 28.1.9 (/opt/ros/jazzy/share/rclcpp_lifecycle/cmake)
[0.348s] -- Found controller_interface: 4.29.0 (/opt/ros/jazzy/share/controller_interface/cmake)
[0.454s] -- Found generate_parameter_library: 0.4.0 (/opt/ros/jazzy/share/generate_parameter_library/cmake)
[0.454s] -- Found parameter_traits: 0.4.0 (/opt/ros/jazzy/share/parameter_traits/cmake)
[0.458s] -- Found std_srvs: 5.3.6 (/opt/ros/jazzy/share/std_srvs/cmake)
[0.466s] -- Found tf2: 0.36.11 (/opt/ros/jazzy/share/tf2/cmake)
[0.468s] -- Found tf2_ros: 0.36.11 (/opt/ros/jazzy/share/tf2_ros/cmake)
[0.502s] -- Found tf2_geometry_msgs: 0.36.11 (/opt/ros/jazzy/share/tf2_geometry_msgs/cmake)
[0.503s] -- Found eigen3_cmake_module: 0.3.0 (/opt/ros/jazzy/share/eigen3_cmake_module/cmake)
[0.504s] -- Ensuring Eigen3 include directory is part of orocos-kdl CMake target
[0.505s] -- Found tf2_eigen: 0.36.11 (/opt/ros/jazzy/share/tf2_eigen/cmake)
[0.507s] -- Found kinematics_interface: 1.3.0 (/opt/ros/jazzy/share/kinematics_interface/cmake)
[0.508s] -- Found kdl_parser: 2.11.0 (/opt/ros/jazzy/share/kdl_parser/cmake)
[0.512s] -- Found ament_cmake_gmock: 2.5.4 (/opt/ros/jazzy/share/ament_cmake_gmock/cmake)
[0.513s] -- Found controller_manager: 4.29.0 (/opt/ros/jazzy/share/controller_manager/cmake)
[0.550s] -- Found ros2_control_test_assets: 4.29.0 (/opt/ros/jazzy/share/ros2_control_test_assets/cmake)
[0.596s] -- Configuring done (0.6s)
[0.609s] -- Generating done (0.0s)
[0.611s] -- Build files have been written to: /home/ajay/ros2_ws/src/ur_admittance_controller/build/ur_admittance_controller
[0.655s] [ 22%] Built target ur_admittance_controller_parameters
[0.704s] [100%] Built target ur_admittance_controller
[0.717s] Invoked command in '/home/ajay/ros2_ws/src/ur_admittance_controller/build/ur_admittance_controller' returned '0': CMAKE_PREFIX_PATH=${CMAKE_PREFIX_PATH}:/opt/ros/jazzy DEBUGINFOD_URLS=https://debuginfod.ubuntu.com /usr/bin/cmake --build /home/ajay/ros2_ws/src/ur_admittance_controller/build/ur_admittance_controller -- -j32 -l32
[0.734s] Invoking command in '/home/ajay/ros2_ws/src/ur_admittance_controller/build/ur_admittance_controller': CMAKE_PREFIX_PATH=${CMAKE_PREFIX_PATH}:/opt/ros/jazzy DEBUGINFOD_URLS=https://debuginfod.ubuntu.com /usr/bin/cmake --install /home/ajay/ros2_ws/src/ur_admittance_controller/build/ur_admittance_controller
[0.747s] -- Install configuration: ""
[0.748s] -- Up-to-date: /home/ajay/ros2_ws/src/ur_admittance_controller/install/ur_admittance_controller/include/ur_admittance_controller
[0.748s] -- Up-to-date: /home/ajay/ros2_ws/src/ur_admittance_controller/install/ur_admittance_controller/include/ur_admittance_controller/ur_admittance_controller_parameters.hpp
[0.748s] -- Up-to-date: /home/ajay/ros2_ws/src/ur_admittance_controller/install/ur_admittance_controller/share/ur_admittance_controller/ur_admittance_controller.xml
[0.748s] -- Up-to-date: /home/ajay/ros2_ws/src/ur_admittance_controller/install/ur_admittance_controller/lib/libur_admittance_controller.so
[0.748s] -- Up-to-date: /home/ajay/ros2_ws/src/ur_admittance_controller/install/ur_admittance_controller/include
[0.748s] -- Up-to-date: /home/ajay/ros2_ws/src/ur_admittance_controller/install/ur_admittance_controller/include/matrix_utilities.hpp
[0.748s] -- Up-to-date: /home/ajay/ros2_ws/src/ur_admittance_controller/install/ur_admittance_controller/include/admittance_controller.hpp
[0.748s] -- Up-to-date: /home/ajay/ros2_ws/src/ur_admittance_controller/install/ur_admittance_controller/include/admittance_types.hpp
[0.748s] -- Up-to-date: /home/ajay/ros2_ws/src/ur_admittance_controller/install/ur_admittance_controller/include/admittance_constants.hpp
[0.748s] -- Up-to-date: /home/ajay/ros2_ws/src/ur_admittance_controller/install/ur_admittance_controller/share/ur_admittance_controller/config
[0.748s] -- Up-to-date: /home/ajay/ros2_ws/src/ur_admittance_controller/install/ur_admittance_controller/share/ur_admittance_controller/config/admittance_config.yaml
[0.748s] -- Up-to-date: /home/ajay/ros2_ws/src/ur_admittance_controller/install/ur_admittance_controller/share/ur_admittance_controller/launch
[0.748s] -- Installing: /home/ajay/ros2_ws/src/ur_admittance_controller/install/ur_admittance_controller/share/ur_admittance_controller/launch/ur_admittance.launch.py
[0.748s] -- Up-to-date: /home/ajay/ros2_ws/src/ur_admittance_controller/install/ur_admittance_controller/share/ur_admittance_controller/launch/__pycache__
[0.749s] -- Up-to-date: /home/ajay/ros2_ws/src/ur_admittance_controller/install/ur_admittance_controller/share/ur_admittance_controller/launch/__pycache__/ur_admittance.launch.cpython-312.pyc
[0.749s] -- Up-to-date: /home/ajay/ros2_ws/src/ur_admittance_controller/install/ur_admittance_controller/share/ur_admittance_controller/scripts
[0.749s] -- Installing: /home/ajay/ros2_ws/src/ur_admittance_controller/install/ur_admittance_controller/share/ur_admittance_controller/scripts/system_status.py
[0.749s] -- Up-to-date: /home/ajay/ros2_ws/src/ur_admittance_controller/install/ur_admittance_controller/share/ur_admittance_controller/scripts/ur_admittance_tests.py
[0.749s] -- Up-to-date: /home/ajay/ros2_ws/src/ur_admittance_controller/install/ur_admittance_controller/share/ur_admittance_controller/scripts/ur_admittance_utils.py
[0.749s] -- Up-to-date: /home/ajay/ros2_ws/src/ur_admittance_controller/install/ur_admittance_controller/share/ur_admittance_controller/scripts/validate_notation.py
[0.749s] -- Installing: /home/ajay/ros2_ws/src/ur_admittance_controller/install/ur_admittance_controller/share/ur_admittance_controller/scripts/safe_startup_test.py
[0.749s] -- Up-to-date: /home/ajay/ros2_ws/src/ur_admittance_controller/install/ur_admittance_controller/share/ur_admittance_controller/scripts/__pycache__
[0.749s] -- Up-to-date: /home/ajay/ros2_ws/src/ur_admittance_controller/install/ur_admittance_controller/share/ur_admittance_controller/scripts/__pycache__/test_impedance_modes.cpython-312.pyc
[0.749s] -- Up-to-date: /home/ajay/ros2_ws/src/ur_admittance_controller/install/ur_admittance_controller/share/ur_admittance_controller/scripts/__pycache__/test_safe_startup.cpython-312.pyc
[0.749s] -- Up-to-date: /home/ajay/ros2_ws/src/ur_admittance_controller/install/ur_admittance_controller/share/ur_admittance_controller/scripts/__pycache__/system_status.cpython-312.pyc
[0.750s] -- Up-to-date: /home/ajay/ros2_ws/src/ur_admittance_controller/install/ur_admittance_controller/lib/ur_admittance_controller/ur_admittance_tests.py
[0.750s] -- Up-to-date: /home/ajay/ros2_ws/src/ur_admittance_controller/install/ur_admittance_controller/lib/ur_admittance_controller/ur_admittance_utils.py
[0.750s] -- Up-to-date: /home/ajay/ros2_ws/src/ur_admittance_controller/install/ur_admittance_controller/lib/ur_admittance_controller/validate_notation.py
[0.750s] -- Installing: /home/ajay/ros2_ws/src/ur_admittance_controller/install/ur_admittance_controller/lib/ur_admittance_controller/safe_startup_test.py
[0.750s] -- Installing: /home/ajay/ros2_ws/src/ur_admittance_controller/install/ur_admittance_controller/lib/ur_admittance_controller/system_status.py
[0.750s] -- Up-to-date: /home/ajay/ros2_ws/src/ur_admittance_controller/install/ur_admittance_controller/share/ur_admittance_controller/environment/library_path.sh
[0.750s] -- Up-to-date: /home/ajay/ros2_ws/src/ur_admittance_controller/install/ur_admittance_controller/share/ur_admittance_controller/environment/library_path.dsv
[0.750s] -- Installing: /home/ajay/ros2_ws/src/ur_admittance_controller/install/ur_admittance_controller/share/ament_index/resource_index/package_run_dependencies/ur_admittance_controller
[0.750s] -- Up-to-date: /home/ajay/ros2_ws/src/ur_admittance_controller/install/ur_admittance_controller/share/ament_index/resource_index/parent_prefix_path/ur_admittance_controller
[0.750s] -- Up-to-date: /home/ajay/ros2_ws/src/ur_admittance_controller/install/ur_admittance_controller/share/ur_admittance_controller/environment/ament_prefix_path.sh
[0.750s] -- Up-to-date: /home/ajay/ros2_ws/src/ur_admittance_controller/install/ur_admittance_controller/share/ur_admittance_controller/environment/ament_prefix_path.dsv
[0.750s] -- Up-to-date: /home/ajay/ros2_ws/src/ur_admittance_controller/install/ur_admittance_controller/share/ur_admittance_controller/environment/path.sh
[0.750s] -- Up-to-date: /home/ajay/ros2_ws/src/ur_admittance_controller/install/ur_admittance_controller/share/ur_admittance_controller/environment/path.dsv
[0.750s] -- Up-to-date: /home/ajay/ros2_ws/src/ur_admittance_controller/install/ur_admittance_controller/share/ur_admittance_controller/local_setup.bash
[0.751s] -- Up-to-date: /home/ajay/ros2_ws/src/ur_admittance_controller/install/ur_admittance_controller/share/ur_admittance_controller/local_setup.sh
[0.751s] -- Up-to-date: /home/ajay/ros2_ws/src/ur_admittance_controller/install/ur_admittance_controller/share/ur_admittance_controller/local_setup.zsh
[0.751s] -- Up-to-date: /home/ajay/ros2_ws/src/ur_admittance_controller/install/ur_admittance_controller/share/ur_admittance_controller/local_setup.dsv
[0.751s] -- Installing: /home/ajay/ros2_ws/src/ur_admittance_controller/install/ur_admittance_controller/share/ur_admittance_controller/package.dsv
[0.751s] -- Up-to-date: /home/ajay/ros2_ws/src/ur_admittance_controller/install/ur_admittance_controller/share/ament_index/resource_index/packages/ur_admittance_controller
[0.751s] -- Up-to-date: /home/ajay/ros2_ws/src/ur_admittance_controller/install/ur_admittance_controller/share/ament_index/resource_index/controller_interface__pluginlib__plugin/ur_admittance_controller
[0.751s] -- Up-to-date: /home/ajay/ros2_ws/src/ur_admittance_controller/install/ur_admittance_controller/share/ur_admittance_controller/cmake/export_ur_admittance_controllerExport.cmake
[0.751s] -- Up-to-date: /home/ajay/ros2_ws/src/ur_admittance_controller/install/ur_admittance_controller/share/ur_admittance_controller/cmake/export_ur_admittance_controllerExport-noconfig.cmake
[0.751s] -- Up-to-date: /home/ajay/ros2_ws/src/ur_admittance_controller/install/ur_admittance_controller/share/ur_admittance_controller/cmake/ament_cmake_export_dependencies-extras.cmake
[0.751s] -- Up-to-date: /home/ajay/ros2_ws/src/ur_admittance_controller/install/ur_admittance_controller/share/ur_admittance_controller/cmake/ament_cmake_export_targets-extras.cmake
[0.751s] -- Up-to-date: /home/ajay/ros2_ws/src/ur_admittance_controller/install/ur_admittance_controller/share/ur_admittance_controller/cmake/ur_admittance_controllerConfig.cmake
[0.751s] -- Up-to-date: /home/ajay/ros2_ws/src/ur_admittance_controller/install/ur_admittance_controller/share/ur_admittance_controller/cmake/ur_admittance_controllerConfig-version.cmake
[0.751s] -- Installing: /home/ajay/ros2_ws/src/ur_admittance_controller/install/ur_admittance_controller/share/ur_admittance_controller/package.xml
[0.752s] Invoked command in '/home/ajay/ros2_ws/src/ur_admittance_controller/build/ur_admittance_controller' returned '0': CMAKE_PREFIX_PATH=${CMAKE_PREFIX_PATH}:/opt/ros/jazzy DEBUGINFOD_URLS=https://debuginfod.ubuntu.com /usr/bin/cmake --install /home/ajay/ros2_ws/src/ur_admittance_controller/build/ur_admittance_controller
