-- Found ament_cmake: 2.5.4 (/opt/ros/jazzy/share/ament_cmake/cmake)
-- Override CMake install command with custom implementation using symlinks instead of copying resources
-- Found controller_interface: 4.29.0 (/opt/ros/jazzy/share/controller_interface/cmake)
-- Found rosidl_generator_c: 4.6.5 (/opt/ros/jazzy/share/rosidl_generator_c/cmake)
-- Found rosidl_generator_cpp: 4.6.5 (/opt/ros/jazzy/share/rosidl_generator_cpp/cmake)
-- Using all available rosidl_typesupport_c: rosidl_typesupport_fastrtps_c;rosidl_typesupport_introspection_c
-- Using all available rosidl_typesupport_cpp: rosidl_typesupport_fastrtps_cpp;rosidl_typesupport_introspection_cpp
-- Found TinyXML2 via Config file: /usr/lib/x86_64-linux-gnu/cmake/tinyxml2
-- Found rmw_implementation_cmake: 7.3.2 (/opt/ros/jazzy/share/rmw_implementation_cmake/cmake)
-- Found rmw_fastrtps_cpp: 8.4.2 (/opt/ros/jazzy/share/rmw_fastrtps_cpp/cmake)
-- Found TinyXML2 via Config file: /usr/lib/x86_64-linux-gnu/cmake/tinyxml2
-- Found TinyXML2 via Config file: /usr/lib/x86_64-linux-gnu/cmake/tinyxml2
-- Found TinyXML2 via Config file: /usr/lib/x86_64-linux-gnu/cmake/tinyxml2
-- Found TinyXML2 via Config file: /usr/lib/x86_64-linux-gnu/cmake/tinyxml2
-- Using RMW implementation 'rmw_fastrtps_cpp' as default
-- Found generate_parameter_library: 0.4.0 (/opt/ros/jazzy/share/generate_parameter_library/cmake)
-- Found parameter_traits: 0.4.0 (/opt/ros/jazzy/share/parameter_traits/cmake)
-- Found std_srvs: 5.3.6 (/opt/ros/jazzy/share/std_srvs/cmake)
-- Found tf2: 0.36.11 (/opt/ros/jazzy/share/tf2/cmake)
-- Found tf2_ros: 0.36.11 (/opt/ros/jazzy/share/tf2_ros/cmake)
-- Found tf2_geometry_msgs: 0.36.11 (/opt/ros/jazzy/share/tf2_geometry_msgs/cmake)
-- Found eigen3_cmake_module: 0.3.0 (/opt/ros/jazzy/share/eigen3_cmake_module/cmake)
-- Ensuring Eigen3 include directory is part of orocos-kdl CMake target
-- Found tf2_eigen: 0.36.11 (/opt/ros/jazzy/share/tf2_eigen/cmake)
-- Found kinematics_interface: 1.3.0 (/opt/ros/jazzy/share/kinematics_interface/cmake)
-- Found kdl_parser: 2.11.0 (/opt/ros/jazzy/share/kdl_parser/cmake)
-- Found ament_cmake_gmock: 2.5.4 (/opt/ros/jazzy/share/ament_cmake_gmock/cmake)
-- Found controller_manager: 4.29.0 (/opt/ros/jazzy/share/controller_manager/cmake)
-- Found ros2_control_test_assets: 4.29.0 (/opt/ros/jazzy/share/ros2_control_test_assets/cmake)
-- Configuring done (0.8s)
-- Generating done (0.0s)
-- Build files have been written to: /home/ajay/ros2_ws/build/ur_admittance_controller
[ 22%] Built target ur_admittance_controller_parameters
[100%] Built target ur_admittance_controller
-- Install configuration: ""
-- Execute custom install script
-- Up-to-date symlink: /home/ajay/ros2_ws/install/ur_admittance_controller/include/ur_admittance_controller/ur_admittance_controller_parameters.hpp
-- Up-to-date symlink: /home/ajay/ros2_ws/install/ur_admittance_controller/share/ur_admittance_controller//ur_admittance_controller.xml
-- Up-to-date symlink: /home/ajay/ros2_ws/install/ur_admittance_controller/include/admittance_constants.hpp
-- Up-to-date symlink: /home/ajay/ros2_ws/install/ur_admittance_controller/include/admittance_controller.hpp
-- Up-to-date symlink: /home/ajay/ros2_ws/install/ur_admittance_controller/include/admittance_types.hpp
-- Up-to-date symlink: /home/ajay/ros2_ws/install/ur_admittance_controller/include/matrix_utilities.hpp
-- Up-to-date symlink: /home/ajay/ros2_ws/install/ur_admittance_controller/share/ur_admittance_controller/config/admittance_config.yaml
-- Up-to-date symlink: /home/ajay/ros2_ws/install/ur_admittance_controller/share/ur_admittance_controller/launch/__pycache__/ur_admittance.launch.cpython-312.pyc
-- Up-to-date symlink: /home/ajay/ros2_ws/install/ur_admittance_controller/share/ur_admittance_controller/launch/ur_admittance.launch.py
-- Up-to-date symlink: /home/ajay/ros2_ws/install/ur_admittance_controller/share/ur_admittance_controller/scripts/__pycache__/system_status.cpython-312.pyc
-- Up-to-date symlink: /home/ajay/ros2_ws/install/ur_admittance_controller/share/ur_admittance_controller/scripts/__pycache__/test_impedance_modes.cpython-312.pyc
-- Up-to-date symlink: /home/ajay/ros2_ws/install/ur_admittance_controller/share/ur_admittance_controller/scripts/__pycache__/test_safe_startup.cpython-312.pyc
-- Up-to-date symlink: /home/ajay/ros2_ws/install/ur_admittance_controller/share/ur_admittance_controller/scripts/safe_startup_test.py
-- Up-to-date symlink: /home/ajay/ros2_ws/install/ur_admittance_controller/share/ur_admittance_controller/scripts/ur_admittance_tests.py
-- Up-to-date symlink: /home/ajay/ros2_ws/install/ur_admittance_controller/share/ur_admittance_controller/scripts/ur_admittance_utils.py
-- Up-to-date symlink: /home/ajay/ros2_ws/install/ur_admittance_controller/share/ur_admittance_controller/scripts/validate_notation.py
-- Up-to-date symlink: /home/ajay/ros2_ws/install/ur_admittance_controller/lib/ur_admittance_controller/ur_admittance_tests.py
-- Up-to-date symlink: /home/ajay/ros2_ws/install/ur_admittance_controller/lib/ur_admittance_controller/ur_admittance_utils.py
-- Up-to-date symlink: /home/ajay/ros2_ws/install/ur_admittance_controller/lib/ur_admittance_controller/validate_notation.py
-- Up-to-date symlink: /home/ajay/ros2_ws/install/ur_admittance_controller/lib/ur_admittance_controller/safe_startup_test.py
-- Up-to-date symlink: /home/ajay/ros2_ws/install/ur_admittance_controller/share/ur_admittance_controller/environment/library_path.sh
-- Up-to-date symlink: /home/ajay/ros2_ws/install/ur_admittance_controller/share/ur_admittance_controller/environment/library_path.dsv
-- Up-to-date symlink: /home/ajay/ros2_ws/install/ur_admittance_controller/share/ament_index/resource_index/package_run_dependencies/ur_admittance_controller
-- Up-to-date symlink: /home/ajay/ros2_ws/install/ur_admittance_controller/share/ament_index/resource_index/parent_prefix_path/ur_admittance_controller
-- Up-to-date symlink: /home/ajay/ros2_ws/install/ur_admittance_controller/share/ur_admittance_controller/environment/ament_prefix_path.sh
-- Up-to-date symlink: /home/ajay/ros2_ws/install/ur_admittance_controller/share/ur_admittance_controller/environment/ament_prefix_path.dsv
-- Up-to-date symlink: /home/ajay/ros2_ws/install/ur_admittance_controller/share/ur_admittance_controller/environment/path.sh
-- Up-to-date symlink: /home/ajay/ros2_ws/install/ur_admittance_controller/share/ur_admittance_controller/environment/path.dsv
-- Up-to-date symlink: /home/ajay/ros2_ws/install/ur_admittance_controller/share/ur_admittance_controller/local_setup.bash
-- Up-to-date symlink: /home/ajay/ros2_ws/install/ur_admittance_controller/share/ur_admittance_controller/local_setup.sh
-- Up-to-date symlink: /home/ajay/ros2_ws/install/ur_admittance_controller/share/ur_admittance_controller/local_setup.zsh
-- Up-to-date symlink: /home/ajay/ros2_ws/install/ur_admittance_controller/share/ur_admittance_controller/local_setup.dsv
-- Symlinking: /home/ajay/ros2_ws/install/ur_admittance_controller/share/ur_admittance_controller/package.dsv
-- Up-to-date symlink: /home/ajay/ros2_ws/install/ur_admittance_controller/share/ament_index/resource_index/packages/ur_admittance_controller
-- Up-to-date symlink: /home/ajay/ros2_ws/install/ur_admittance_controller/share/ament_index/resource_index/controller_interface__pluginlib__plugin/ur_admittance_controller
-- Up-to-date symlink: /home/ajay/ros2_ws/install/ur_admittance_controller/share/ur_admittance_controller/cmake/ament_cmake_export_dependencies-extras.cmake
-- Up-to-date symlink: /home/ajay/ros2_ws/install/ur_admittance_controller/share/ur_admittance_controller/cmake/ament_cmake_export_targets-extras.cmake
-- Up-to-date symlink: /home/ajay/ros2_ws/install/ur_admittance_controller/share/ur_admittance_controller/cmake/ur_admittance_controllerConfig.cmake
-- Up-to-date symlink: /home/ajay/ros2_ws/install/ur_admittance_controller/share/ur_admittance_controller/cmake/ur_admittance_controllerConfig-version.cmake
-- Up-to-date symlink: /home/ajay/ros2_ws/install/ur_admittance_controller/share/ur_admittance_controller/package.xml
-- Up-to-date: /home/ajay/ros2_ws/install/ur_admittance_controller/lib/libur_admittance_controller.so
-- Up-to-date: /home/ajay/ros2_ws/install/ur_admittance_controller/share/ur_admittance_controller/cmake/export_ur_admittance_controllerExport.cmake
-- Up-to-date: /home/ajay/ros2_ws/install/ur_admittance_controller/share/ur_admittance_controller/cmake/export_ur_admittance_controllerExport-noconfig.cmake
