[0.006s] Invoking command in '/home/ajay/ros2_ws/build/ur_admittance_controller': CMAKE_PREFIX_PATH=${CMAKE_PREFIX_PATH}:/opt/ros/jazzy DEBUGINFOD_URLS=https://debuginfod.ubuntu.com /usr/bin/cmake --build /home/ajay/ros2_ws/build/ur_admittance_controller -- -j32 -l32
[0.053s] [ 11%] Running `/opt/ros/jazzy/bin/generate_parameter_library_cpp /home/ajay/ros2_ws/build/ur_admittance_controller/include/ur_admittance_controller/ur_admittance_controller_parameters.hpp /home/ajay/ros2_ws/src/ur_admittance_controller/config/admittance_config.yaml `
[0.532s] [ 22%] Creating deprecated header file /home/ajay/ros2_ws/build/ur_admittance_controller/include/ur_admittance_controller_parameters.hpp
[0.581s] [ 22%] Built target ur_admittance_controller_parameters
[0.634s] [ 33%] Building CXX object CMakeFiles/ur_admittance_controller.dir/src/admittance_controller.cpp.o
[0.638s] [ 44%] Building CXX object CMakeFiles/ur_admittance_controller.dir/src/realtime_computations.cpp.o
[0.638s] [ 55%] Building CXX object CMakeFiles/ur_admittance_controller.dir/src/sensor_interface.cpp.o
[0.639s] [ 66%] Building CXX object CMakeFiles/ur_admittance_controller.dir/src/controller_integration.cpp.o
[0.640s] [ 77%] Building CXX object CMakeFiles/ur_admittance_controller.dir/src/utilities.cpp.o
[0.640s] [ 88%] Building CXX object CMakeFiles/ur_admittance_controller.dir/src/plugin_export.cpp.o
[3.390s] /home/ajay/ros2_ws/src/ur_admittance_controller/src/sensor_interface.cpp: In member function ‘bool ur_admittance_controller::AdmittanceController::updateSensorData()’:
[3.390s] /home/ajay/ros2_ws/src/ur_admittance_controller/src/sensor_interface.cpp:16:30: warning: ‘double hardware_interface::LoanedStateInterface::get_value() const’ is deprecated: Use std::optional<T> get_optional() instead to retrieve the value. This method will be removed by the ROS 2 Kilted Kaiju release. [-Wdeprecated-declarations]
[3.390s]    16 |       if (interface.get_value() != std::numeric_limits<double>::quiet_NaN()) {
[3.391s]       |           ~~~~~~~~~~~~~~~~~~~^~
[3.391s] In file included from /opt/ros/jazzy/include/controller_interface/controller_interface/controller_interface_base.hpp:28,
[3.391s]                  from /opt/ros/jazzy/include/controller_interface/controller_interface/chainable_controller_interface.hpp:23,
[3.391s]                  from /home/ajay/ros2_ws/src/ur_admittance_controller/include/admittance_controller.hpp:13,
[3.391s]                  from /home/ajay/ros2_ws/src/ur_admittance_controller/src/sensor_interface.cpp:2:
[3.391s] /opt/ros/jazzy/include/hardware_interface/hardware_interface/loaned_state_interface.hpp:94:10: note: declared here
[3.391s]    94 |   double get_value() const
[3.391s]       |          ^~~~~~~~~
[3.391s] /home/ajay/ros2_ws/src/ur_admittance_controller/src/sensor_interface.cpp:17:44: warning: ‘double hardware_interface::LoanedStateInterface::get_value() const’ is deprecated: Use std::optional<T> get_optional() instead to retrieve the value. This method will be removed by the ROS 2 Kilted Kaiju release. [-Wdeprecated-declarations]
[3.391s]    17 |         raw_wrench(i) = interface.get_value();
[3.391s]       |                         ~~~~~~~~~~~~~~~~~~~^~
[3.391s] /opt/ros/jazzy/include/hardware_interface/hardware_interface/loaned_state_interface.hpp:94:10: note: declared here
[3.391s]    94 |   double get_value() const
[3.391s]       |          ^~~~~~~~~
[3.434s] /home/ajay/ros2_ws/src/ur_admittance_controller/src/sensor_interface.cpp: In member function ‘bool ur_admittance_controller::AdmittanceController::checkDeadband()’:
[3.434s] /home/ajay/ros2_ws/src/ur_admittance_controller/src/sensor_interface.cpp:193:87: warning: ‘double hardware_interface::LoanedStateInterface::get_value() const’ is deprecated: Use std::optional<T> get_optional() instead to retrieve the value. This method will be removed by the ROS 2 Kilted Kaiju release. [-Wdeprecated-declarations]
[3.434s]   193 |     joint_position_references_[i] = state_interfaces_[pos_state_indices_[i]].get_value();
[3.434s]       |                                     ~~~~~~~~~~~~~~~~~~~~~~~~~~~~~~~~~~~~~~~~~~~~~~~~~~^~
[3.434s] /opt/ros/jazzy/include/hardware_interface/hardware_interface/loaned_state_interface.hpp:94:10: note: declared here
[3.434s]    94 |   double get_value() const
[3.434s]       |          ^~~~~~~~~
[3.502s] /home/ajay/ros2_ws/src/ur_admittance_controller/src/realtime_computations.cpp: In member function ‘bool ur_admittance_controller::AdmittanceController::convertToJointSpace(const ur_admittance_controller::Vector6d&, const rclcpp::Duration&)’:
[3.502s] /home/ajay/ros2_ws/src/ur_admittance_controller/src/realtime_computations.cpp:387:55: warning: ‘double hardware_interface::LoanedStateInterface::get_value() const’ is deprecated: Use std::optional<T> get_optional() instead to retrieve the value. This method will be removed by the ROS 2 Kilted Kaiju release. [-Wdeprecated-declarations]
[3.502s]   387 |     current_pos_[i] = state_interfaces_[idx].get_value();
[3.502s]       |                       ~~~~~~~~~~~~~~~~~~~~~~~~~~~~~~~~^~
[3.502s] In file included from /opt/ros/jazzy/include/controller_interface/controller_interface/controller_interface_base.hpp:28,
[3.502s]                  from /opt/ros/jazzy/include/controller_interface/controller_interface/chainable_controller_interface.hpp:23,
[3.502s]                  from /home/ajay/ros2_ws/src/ur_admittance_controller/include/admittance_controller.hpp:13,
[3.503s]                  from /home/ajay/ros2_ws/src/ur_admittance_controller/src/realtime_computations.cpp:2:
[3.503s] /opt/ros/jazzy/include/hardware_interface/hardware_interface/loaned_state_interface.hpp:94:10: note: declared here
[3.503s]    94 |   double get_value() const
[3.503s]       |          ^~~~~~~~~
[3.503s] /home/ajay/ros2_ws/src/ur_admittance_controller/src/realtime_computations.cpp: In member function ‘bool ur_admittance_controller::AdmittanceController::handleDriftReset()’:
[3.503s] /home/ajay/ros2_ws/src/ur_admittance_controller/src/realtime_computations.cpp:456:65: warning: ‘double hardware_interface::LoanedStateInterface::get_value() const’ is deprecated: Use std::optional<T> get_optional() instead to retrieve the value. This method will be removed by the ROS 2 Kilted Kaiju release. [-Wdeprecated-declarations]
[3.503s]   456 |       joint_positions_[i++] = state_interfaces_[index].get_value();
[3.503s]       |                               ~~~~~~~~~~~~~~~~~~~~~~~~~~~~~~~~~~^~
[3.503s] /opt/ros/jazzy/include/hardware_interface/hardware_interface/loaned_state_interface.hpp:94:10: note: declared here
[3.503s]    94 |   double get_value() const
[3.503s]       |          ^~~~~~~~~
[6.923s] [100%] Linking CXX shared library libur_admittance_controller.so
[7.320s] [100%] Built target ur_admittance_controller
[7.329s] Invoked command in '/home/ajay/ros2_ws/build/ur_admittance_controller' returned '0': CMAKE_PREFIX_PATH=${CMAKE_PREFIX_PATH}:/opt/ros/jazzy DEBUGINFOD_URLS=https://debuginfod.ubuntu.com /usr/bin/cmake --build /home/ajay/ros2_ws/build/ur_admittance_controller -- -j32 -l32
[7.336s] Invoking command in '/home/ajay/ros2_ws/build/ur_admittance_controller': CMAKE_PREFIX_PATH=${CMAKE_PREFIX_PATH}:/opt/ros/jazzy DEBUGINFOD_URLS=https://debuginfod.ubuntu.com /usr/bin/cmake --install /home/ajay/ros2_ws/build/ur_admittance_controller
[7.343s] -- Install configuration: ""
[7.344s] -- Execute custom install script
[7.344s] -- Up-to-date symlink: /home/ajay/ros2_ws/install/ur_admittance_controller/include/ur_admittance_controller/ur_admittance_controller_parameters.hpp
[7.344s] -- Up-to-date symlink: /home/ajay/ros2_ws/install/ur_admittance_controller/share/ur_admittance_controller//ur_admittance_controller.xml
[7.344s] -- Up-to-date symlink: /home/ajay/ros2_ws/install/ur_admittance_controller/include/admittance_constants.hpp
[7.344s] -- Up-to-date symlink: /home/ajay/ros2_ws/install/ur_admittance_controller/include/admittance_controller.hpp
[7.344s] -- Up-to-date symlink: /home/ajay/ros2_ws/install/ur_admittance_controller/include/admittance_types.hpp
[7.344s] -- Up-to-date symlink: /home/ajay/ros2_ws/install/ur_admittance_controller/include/matrix_utilities.hpp
[7.344s] -- Up-to-date symlink: /home/ajay/ros2_ws/install/ur_admittance_controller/share/ur_admittance_controller/config/admittance_config.yaml
[7.345s] -- Up-to-date symlink: /home/ajay/ros2_ws/install/ur_admittance_controller/share/ur_admittance_controller/launch/__pycache__/ur_admittance.launch.cpython-312.pyc
[7.345s] -- Up-to-date symlink: /home/ajay/ros2_ws/install/ur_admittance_controller/share/ur_admittance_controller/launch/ur_admittance.launch.py
[7.346s] -- Up-to-date symlink: /home/ajay/ros2_ws/install/ur_admittance_controller/share/ur_admittance_controller/scripts/__pycache__/system_status.cpython-312.pyc
[7.346s] -- Up-to-date symlink: /home/ajay/ros2_ws/install/ur_admittance_controller/share/ur_admittance_controller/scripts/__pycache__/test_impedance_modes.cpython-312.pyc
[7.346s] -- Up-to-date symlink: /home/ajay/ros2_ws/install/ur_admittance_controller/share/ur_admittance_controller/scripts/__pycache__/test_safe_startup.cpython-312.pyc
[7.346s] -- Up-to-date symlink: /home/ajay/ros2_ws/install/ur_admittance_controller/share/ur_admittance_controller/scripts/safe_startup_test.py
[7.346s] -- Up-to-date symlink: /home/ajay/ros2_ws/install/ur_admittance_controller/share/ur_admittance_controller/scripts/system_status.py
[7.346s] -- Up-to-date symlink: /home/ajay/ros2_ws/install/ur_admittance_controller/share/ur_admittance_controller/scripts/ur_admittance_tests.py
[7.347s] -- Up-to-date symlink: /home/ajay/ros2_ws/install/ur_admittance_controller/share/ur_admittance_controller/scripts/ur_admittance_utils.py
[7.347s] -- Up-to-date symlink: /home/ajay/ros2_ws/install/ur_admittance_controller/share/ur_admittance_controller/scripts/validate_notation.py
[7.347s] -- Up-to-date symlink: /home/ajay/ros2_ws/install/ur_admittance_controller/lib/ur_admittance_controller/ur_admittance_tests.py
[7.347s] -- Up-to-date symlink: /home/ajay/ros2_ws/install/ur_admittance_controller/lib/ur_admittance_controller/ur_admittance_utils.py
[7.347s] -- Up-to-date symlink: /home/ajay/ros2_ws/install/ur_admittance_controller/lib/ur_admittance_controller/validate_notation.py
[7.347s] -- Up-to-date symlink: /home/ajay/ros2_ws/install/ur_admittance_controller/lib/ur_admittance_controller/safe_startup_test.py
[7.347s] -- Up-to-date symlink: /home/ajay/ros2_ws/install/ur_admittance_controller/lib/ur_admittance_controller/system_status.py
[7.347s] -- Up-to-date symlink: /home/ajay/ros2_ws/install/ur_admittance_controller/share/ur_admittance_controller/environment/library_path.sh
[7.347s] -- Up-to-date symlink: /home/ajay/ros2_ws/install/ur_admittance_controller/share/ur_admittance_controller/environment/library_path.dsv
[7.348s] -- Up-to-date symlink: /home/ajay/ros2_ws/install/ur_admittance_controller/share/ament_index/resource_index/package_run_dependencies/ur_admittance_controller
[7.348s] -- Up-to-date symlink: /home/ajay/ros2_ws/install/ur_admittance_controller/share/ament_index/resource_index/parent_prefix_path/ur_admittance_controller
[7.348s] -- Up-to-date symlink: /home/ajay/ros2_ws/install/ur_admittance_controller/share/ur_admittance_controller/environment/ament_prefix_path.sh
[7.348s] -- Up-to-date symlink: /home/ajay/ros2_ws/install/ur_admittance_controller/share/ur_admittance_controller/environment/ament_prefix_path.dsv
[7.348s] -- Up-to-date symlink: /home/ajay/ros2_ws/install/ur_admittance_controller/share/ur_admittance_controller/environment/path.sh
[7.349s] -- Up-to-date symlink: /home/ajay/ros2_ws/install/ur_admittance_controller/share/ur_admittance_controller/environment/path.dsv
[7.349s] -- Up-to-date symlink: /home/ajay/ros2_ws/install/ur_admittance_controller/share/ur_admittance_controller/local_setup.bash
[7.349s] -- Up-to-date symlink: /home/ajay/ros2_ws/install/ur_admittance_controller/share/ur_admittance_controller/local_setup.sh
[7.349s] -- Up-to-date symlink: /home/ajay/ros2_ws/install/ur_admittance_controller/share/ur_admittance_controller/local_setup.zsh
[7.349s] -- Up-to-date symlink: /home/ajay/ros2_ws/install/ur_admittance_controller/share/ur_admittance_controller/local_setup.dsv
[7.349s] -- Symlinking: /home/ajay/ros2_ws/install/ur_admittance_controller/share/ur_admittance_controller/package.dsv
[7.359s] -- Up-to-date symlink: /home/ajay/ros2_ws/install/ur_admittance_controller/share/ament_index/resource_index/packages/ur_admittance_controller
[7.360s] -- Up-to-date symlink: /home/ajay/ros2_ws/install/ur_admittance_controller/share/ament_index/resource_index/controller_interface__pluginlib__plugin/ur_admittance_controller
[7.360s] -- Up-to-date symlink: /home/ajay/ros2_ws/install/ur_admittance_controller/share/ur_admittance_controller/cmake/ament_cmake_export_dependencies-extras.cmake
[7.360s] -- Up-to-date symlink: /home/ajay/ros2_ws/install/ur_admittance_controller/share/ur_admittance_controller/cmake/ament_cmake_export_targets-extras.cmake
[7.360s] -- Up-to-date symlink: /home/ajay/ros2_ws/install/ur_admittance_controller/share/ur_admittance_controller/cmake/ur_admittance_controllerConfig.cmake
[7.360s] -- Up-to-date symlink: /home/ajay/ros2_ws/install/ur_admittance_controller/share/ur_admittance_controller/cmake/ur_admittance_controllerConfig-version.cmake
[7.360s] -- Up-to-date symlink: /home/ajay/ros2_ws/install/ur_admittance_controller/share/ur_admittance_controller/package.xml
[7.360s] -- Installing: /home/ajay/ros2_ws/install/ur_admittance_controller/lib/libur_admittance_controller.so
[7.364s] -- Set non-toolchain portion of runtime path of "/home/ajay/ros2_ws/install/ur_admittance_controller/lib/libur_admittance_controller.so" to ""
[7.364s] -- Up-to-date: /home/ajay/ros2_ws/install/ur_admittance_controller/share/ur_admittance_controller/cmake/export_ur_admittance_controllerExport.cmake
[7.364s] -- Up-to-date: /home/ajay/ros2_ws/install/ur_admittance_controller/share/ur_admittance_controller/cmake/export_ur_admittance_controllerExport-noconfig.cmake
[7.365s] Invoked command in '/home/ajay/ros2_ws/build/ur_admittance_controller' returned '0': CMAKE_PREFIX_PATH=${CMAKE_PREFIX_PATH}:/opt/ros/jazzy DEBUGINFOD_URLS=https://debuginfod.ubuntu.com /usr/bin/cmake --install /home/ajay/ros2_ws/build/ur_admittance_controller
